!SESSION 2023-01-25 22:38:28.400 -----------------------------------------------
eclipse.buildId=4.17.0.202212060857
java.version=17.0.5
java.vendor=Eclipse Adoptium
BootLoader constants: OS=win32, ARCH=x86_64, WS=win32, NL=en_US
Framework arguments:  -product org.springframework.boot.ide.branding.sts4
Command-line arguments:  -os win32 -ws win32 -arch x86_64 -product org.springframework.boot.ide.branding.sts4

!ENTRY ch.qos.logback.classic 1 0 2023-01-25 22:38:41.746
!MESSAGE Activated before the state location was initialized. Retry after the state location is initialized.

!ENTRY org.eclipse.equinox.p2.engine 4 0 2023-01-25 22:38:43.525
!MESSAGE Error parsing profile D:\sts-4.17.0.RELEASE\p2\org.eclipse.equinox.p2.engine\profileRegistry\DefaultProfile.profile\1674666523259.profile.gz.
!STACK 0
java.io.EOFException: Unexpected end of ZLIB input stream
	at java.base/java.util.zip.InflaterInputStream.fill(InflaterInputStream.java:244)
	at java.base/java.util.zip.InflaterInputStream.read(InflaterInputStream.java:158)
	at java.base/java.util.zip.GZIPInputStream.read(GZIPInputStream.java:117)
	at java.base/java.io.BufferedInputStream.fill(BufferedInputStream.java:244)
	at java.base/java.io.BufferedInputStream.read(BufferedInputStream.java:263)
	at java.xml/com.sun.org.apache.xerces.internal.impl.XMLEntityManager$RewindableInputStream.readAndBuffer(XMLEntityManager.java:3025)
	at java.xml/com.sun.org.apache.xerces.internal.impl.XMLEntityManager.setupCurrentEntity(XMLEntityManager.java:705)
	at java.xml/com.sun.org.apache.xerces.internal.impl.XMLVersionDetector.determineDocVersion(XMLVersionDetector.java:150)
	at java.xml/com.sun.org.apache.xerces.internal.parsers.XML11Configuration.parse(XML11Configuration.java:861)
	at java.xml/com.sun.org.apache.xerces.internal.parsers.XML11Configuration.parse(XML11Configuration.java:825)
	at java.xml/com.sun.org.apache.xerces.internal.parsers.XMLParser.parse(XMLParser.java:141)
	at java.xml/com.sun.org.apache.xerces.internal.parsers.AbstractSAXParser.parse(AbstractSAXParser.java:1224)
	at java.xml/com.sun.org.apache.xerces.internal.jaxp.SAXParserImpl$JAXPSAXParser.parse(SAXParserImpl.java:637)
	at org.eclipse.equinox.internal.p2.engine.SimpleProfileRegistry$Parser.parse(SimpleProfileRegistry.java:753)
	at org.eclipse.equinox.internal.p2.engine.SimpleProfileRegistry$Parser.parse(SimpleProfileRegistry.java:742)
	at org.eclipse.equinox.internal.p2.engine.SimpleProfileRegistry.restore(SimpleProfileRegistry.java:550)
	at org.eclipse.equinox.internal.p2.engine.SimpleProfileRegistry.getProfileMap(SimpleProfileRegistry.java:380)
	at org.eclipse.equinox.internal.p2.engine.SimpleProfileRegistry.internalGetProfile(SimpleProfileRegistry.java:263)
	at org.eclipse.equinox.internal.p2.engine.SimpleProfileRegistry.getProfile(SimpleProfileRegistry.java:192)
	at org.eclipse.equinox.internal.p2.extensionlocation.Activator.getCurrentProfile(Activator.java:66)
	at org.eclipse.equinox.internal.p2.extensionlocation.Activator.getBundlePoolRepository(Activator.java:81)
	at org.eclipse.equinox.internal.p2.extensionlocation.BundlePoolFilteredListener.<init>(BundlePoolFilteredListener.java:30)
	at org.eclipse.equinox.internal.p2.extensionlocation.SiteListener.synchronizeRepositories(SiteListener.java:114)
	at org.eclipse.equinox.internal.p2.extensionlocation.ExtensionLocationMetadataRepository.ensureInitialized(ExtensionLocationMetadataRepository.java:68)
	at org.eclipse.equinox.internal.p2.extensionlocation.ExtensionLocationMetadataRepository.getProperties(ExtensionLocationMetadataRepository.java:177)
	at org.eclipse.equinox.internal.p2.repository.helpers.AbstractRepositoryManager.addRepository(AbstractRepositoryManager.java:132)
	at org.eclipse.equinox.internal.p2.repository.helpers.AbstractRepositoryManager.loadRepository(AbstractRepositoryManager.java:691)
	at org.eclipse.equinox.internal.p2.metadata.repository.MetadataRepositoryManager.loadRepository(MetadataRepositoryManager.java:110)
	at org.eclipse.equinox.internal.p2.metadata.repository.MetadataRepositoryManager.loadRepository(MetadataRepositoryManager.java:105)
	at org.eclipse.equinox.internal.p2.reconciler.dropins.Activator.loadMetadataRepository(Activator.java:104)
	at org.eclipse.equinox.internal.p2.reconciler.dropins.PlatformXmlListener.synchronizeConfiguration(PlatformXmlListener.java:216)
	at org.eclipse.equinox.internal.p2.reconciler.dropins.PlatformXmlListener.stopPoll(PlatformXmlListener.java:122)
	at org.eclipse.equinox.internal.provisional.p2.directorywatcher.DirectoryWatcher.stopPoll(DirectoryWatcher.java:173)
	at org.eclipse.equinox.internal.provisional.p2.directorywatcher.DirectoryWatcher.poll(DirectoryWatcher.java:113)
	at org.eclipse.equinox.internal.p2.reconciler.dropins.Activator.watchConfiguration(Activator.java:494)
	at org.eclipse.equinox.internal.p2.reconciler.dropins.Activator.start(Activator.java:177)
	at org.eclipse.osgi.internal.framework.BundleContextImpl$2.run(BundleContextImpl.java:818)
	at org.eclipse.osgi.internal.framework.BundleContextImpl$2.run(BundleContextImpl.java:1)
	at java.base/java.security.AccessController.doPrivileged(AccessController.java:569)
	at org.eclipse.osgi.internal.framework.BundleContextImpl.startActivator(BundleContextImpl.java:810)
	at org.eclipse.osgi.internal.framework.BundleContextImpl.start(BundleContextImpl.java:767)
	at org.eclipse.osgi.internal.framework.EquinoxBundle.startWorker0(EquinoxBundle.java:1032)
	at org.eclipse.osgi.internal.framework.EquinoxBundle$EquinoxModule.startWorker(EquinoxBundle.java:371)
	at org.eclipse.osgi.container.Module.doStart(Module.java:605)
	at org.eclipse.osgi.container.Module.start(Module.java:468)
	at org.eclipse.osgi.container.ModuleContainer$ContainerStartLevel$2.run(ModuleContainer.java:1852)
	at org.eclipse.osgi.internal.framework.EquinoxContainerAdaptor$1$1.execute(EquinoxContainerAdaptor.java:136)
	at org.eclipse.osgi.container.ModuleContainer$ContainerStartLevel.incStartLevel(ModuleContainer.java:1845)
	at org.eclipse.osgi.container.ModuleContainer$ContainerStartLevel.incStartLevel(ModuleContainer.java:1788)
	at org.eclipse.osgi.container.ModuleContainer$ContainerStartLevel.doContainerStartLevel(ModuleContainer.java:1750)
	at org.eclipse.osgi.container.ModuleContainer$ContainerStartLevel.dispatchEvent(ModuleContainer.java:1672)
	at org.eclipse.osgi.container.ModuleContainer$ContainerStartLevel.dispatchEvent(ModuleContainer.java:1)
	at org.eclipse.osgi.framework.eventmgr.EventManager.dispatchEvent(EventManager.java:234)
	at org.eclipse.osgi.framework.eventmgr.EventManager$EventThread.run(EventManager.java:345)

!ENTRY org.eclipse.equinox.p2.engine 4 0 2023-01-25 22:38:43.860
!MESSAGE Error parsing profile D:\sts-4.17.0.RELEASE\p2\org.eclipse.equinox.p2.engine\profileRegistry\DefaultProfile.profile\1674666523259.profile.gz.
!STACK 0
java.io.IOException: Premature end of file.
	at org.eclipse.equinox.internal.p2.engine.SimpleProfileRegistry$Parser.parse(SimpleProfileRegistry.java:756)
	at org.eclipse.equinox.internal.p2.engine.SimpleProfileRegistry$Parser.parse(SimpleProfileRegistry.java:742)
	at org.eclipse.equinox.internal.p2.engine.SimpleProfileRegistry.getProfile(SimpleProfileRegistry.java:222)
	at org.eclipse.equinox.internal.p2.engine.SurrogateProfileHandler.getSharedProfile(SurrogateProfileHandler.java:172)
	at org.eclipse.equinox.internal.p2.engine.SurrogateProfileHandler.createProfile(SurrogateProfileHandler.java:216)
	at org.eclipse.equinox.internal.p2.engine.SimpleProfileRegistry.createSurrogateProfile(SimpleProfileRegistry.java:351)
	at org.eclipse.equinox.internal.p2.engine.SimpleProfileRegistry.internalGetProfile(SimpleProfileRegistry.java:272)
	at org.eclipse.equinox.internal.p2.engine.SimpleProfileRegistry.getProfile(SimpleProfileRegistry.java:192)
	at org.eclipse.equinox.internal.p2.extensionlocation.Activator.getCurrentProfile(Activator.java:66)
	at org.eclipse.equinox.internal.p2.extensionlocation.Activator.getBundlePoolRepository(Activator.java:81)
	at org.eclipse.equinox.internal.p2.extensionlocation.BundlePoolFilteredListener.<init>(BundlePoolFilteredListener.java:30)
	at org.eclipse.equinox.internal.p2.extensionlocation.SiteListener.synchronizeRepositories(SiteListener.java:114)
	at org.eclipse.equinox.internal.p2.extensionlocation.ExtensionLocationMetadataRepository.ensureInitialized(ExtensionLocationMetadataRepository.java:68)
	at org.eclipse.equinox.internal.p2.extensionlocation.ExtensionLocationMetadataRepository.getProperties(ExtensionLocationMetadataRepository.java:177)
	at org.eclipse.equinox.internal.p2.repository.helpers.AbstractRepositoryManager.addRepository(AbstractRepositoryManager.java:132)
	at org.eclipse.equinox.internal.p2.repository.helpers.AbstractRepositoryManager.loadRepository(AbstractRepositoryManager.java:691)
	at org.eclipse.equinox.internal.p2.metadata.repository.MetadataRepositoryManager.loadRepository(MetadataRepositoryManager.java:110)
	at org.eclipse.equinox.internal.p2.metadata.repository.MetadataRepositoryManager.loadRepository(MetadataRepositoryManager.java:105)
	at org.eclipse.equinox.internal.p2.reconciler.dropins.Activator.loadMetadataRepository(Activator.java:104)
	at org.eclipse.equinox.internal.p2.reconciler.dropins.PlatformXmlListener.synchronizeConfiguration(PlatformXmlListener.java:216)
	at org.eclipse.equinox.internal.p2.reconciler.dropins.PlatformXmlListener.stopPoll(PlatformXmlListener.java:122)
	at org.eclipse.equinox.internal.provisional.p2.directorywatcher.DirectoryWatcher.stopPoll(DirectoryWatcher.java:173)
	at org.eclipse.equinox.internal.provisional.p2.directorywatcher.DirectoryWatcher.poll(DirectoryWatcher.java:113)
	at org.eclipse.equinox.internal.p2.reconciler.dropins.Activator.watchConfiguration(Activator.java:494)
	at org.eclipse.equinox.internal.p2.reconciler.dropins.Activator.start(Activator.java:177)
	at org.eclipse.osgi.internal.framework.BundleContextImpl$2.run(BundleContextImpl.java:818)
	at org.eclipse.osgi.internal.framework.BundleContextImpl$2.run(BundleContextImpl.java:1)
	at java.base/java.security.AccessController.doPrivileged(AccessController.java:569)
	at org.eclipse.osgi.internal.framework.BundleContextImpl.startActivator(BundleContextImpl.java:810)
	at org.eclipse.osgi.internal.framework.BundleContextImpl.start(BundleContextImpl.java:767)
	at org.eclipse.osgi.internal.framework.EquinoxBundle.startWorker0(EquinoxBundle.java:1032)
	at org.eclipse.osgi.internal.framework.EquinoxBundle$EquinoxModule.startWorker(EquinoxBundle.java:371)
	at org.eclipse.osgi.container.Module.doStart(Module.java:605)
	at org.eclipse.osgi.container.Module.start(Module.java:468)
	at org.eclipse.osgi.container.ModuleContainer$ContainerStartLevel$2.run(ModuleContainer.java:1852)
	at org.eclipse.osgi.internal.framework.EquinoxContainerAdaptor$1$1.execute(EquinoxContainerAdaptor.java:136)
	at org.eclipse.osgi.container.ModuleContainer$ContainerStartLevel.incStartLevel(ModuleContainer.java:1845)
	at org.eclipse.osgi.container.ModuleContainer$ContainerStartLevel.incStartLevel(ModuleContainer.java:1788)
	at org.eclipse.osgi.container.ModuleContainer$ContainerStartLevel.doContainerStartLevel(ModuleContainer.java:1750)
	at org.eclipse.osgi.container.ModuleContainer$ContainerStartLevel.dispatchEvent(ModuleContainer.java:1672)
	at org.eclipse.osgi.container.ModuleContainer$ContainerStartLevel.dispatchEvent(ModuleContainer.java:1)
	at org.eclipse.osgi.framework.eventmgr.EventManager.dispatchEvent(EventManager.java:234)
	at org.eclipse.osgi.framework.eventmgr.EventManager$EventThread.run(EventManager.java:345)
Caused by: org.xml.sax.SAXParseException; lineNumber: 6535; columnNumber: 10; Premature end of file.
	at java.xml/com.sun.org.apache.xerces.internal.parsers.AbstractSAXParser.parse(AbstractSAXParser.java:1251)
	at java.xml/com.sun.org.apache.xerces.internal.jaxp.SAXParserImpl$JAXPSAXParser.parse(SAXParserImpl.java:637)
	at org.eclipse.equinox.internal.p2.engine.SimpleProfileRegistry$Parser.parse(SimpleProfileRegistry.java:753)
	... 42 more
