!SESSION 2023-01-25 22:36:32.538 -----------------------------------------------
eclipse.buildId=4.17.0.202212060857
java.version=17.0.5
java.vendor=Eclipse Adoptium
BootLoader constants: OS=win32, ARCH=x86_64, WS=win32, NL=en_US
Framework arguments:  -product org.springframework.boot.ide.branding.sts4
Command-line arguments:  -os win32 -ws win32 -arch x86_64 -product org.springframework.boot.ide.branding.sts4

!ENTRY ch.qos.logback.classic 1 0 2023-01-25 22:38:38.020
!MESSAGE Activated before the state location was initialized. Retry after the state location is initialized.

!ENTRY org.eclipse.equinox.preferences 4 4 2023-01-25 22:38:40.433
!MESSAGE Exception saving preferences to: D:/sts-4.17.0.RELEASE/p2/org.eclipse.equinox.p2.engine/profileRegistry/DefaultProfile.profile/.data/.settings/org.eclipse.equinox.p2.metadata.repository.prefs.
!STACK 0
java.nio.file.NoSuchFileException: D:\sts-4.17.0.RELEASE\p2\org.eclipse.equinox.p2.engine\profileRegistry\DefaultProfile.profile\.data\.settings\org.eclipse.equinox.p2.metadata.repository.prefs.bak -> D:\sts-4.17.0.RELEASE\p2\org.eclipse.equinox.p2.engine\profileRegistry\DefaultProfile.profile\.data\.settings\org.eclipse.equinox.p2.metadata.repository.prefs
	at java.base/sun.nio.fs.WindowsException.translateToIOException(WindowsException.java:85)
	at java.base/sun.nio.fs.WindowsException.rethrowAsIOException(WindowsException.java:103)
	at java.base/sun.nio.fs.WindowsFileCopy.move(WindowsFileCopy.java:403)
	at java.base/sun.nio.fs.WindowsFileSystemProvider.move(WindowsFileSystemProvider.java:293)
	at java.base/java.nio.file.Files.move(Files.java:1432)
	at org.eclipse.core.internal.preferences.EclipsePreferences.write(EclipsePreferences.java:292)
	at org.eclipse.core.internal.preferences.EclipsePreferences.save(EclipsePreferences.java:1066)
	at org.eclipse.equinox.internal.p2.engine.ProfilePreferences.doSave(ProfilePreferences.java:141)
	at org.eclipse.equinox.internal.p2.engine.ProfilePreferences$SaveJob.run(ProfilePreferences.java:54)
	at org.eclipse.core.internal.jobs.Worker.run(Worker.java:63)

!ENTRY org.eclipse.equinox.p2.engine 2 0 2023-01-25 22:38:40.571
!MESSAGE Exception saving profile preferences
!STACK 0
org.osgi.service.prefs.BackingStoreException: Exception saving preferences to: D:/sts-4.17.0.RELEASE/p2/org.eclipse.equinox.p2.engine/profileRegistry/DefaultProfile.profile/.data/.settings/org.eclipse.equinox.p2.metadata.repository.prefs.
	at org.eclipse.core.internal.preferences.EclipsePreferences.write(EclipsePreferences.java:300)
	at org.eclipse.core.internal.preferences.EclipsePreferences.save(EclipsePreferences.java:1066)
	at org.eclipse.equinox.internal.p2.engine.ProfilePreferences.doSave(ProfilePreferences.java:141)
	at org.eclipse.equinox.internal.p2.engine.ProfilePreferences$SaveJob.run(ProfilePreferences.java:54)
	at org.eclipse.core.internal.jobs.Worker.run(Worker.java:63)
Caused by: java.nio.file.NoSuchFileException: D:\sts-4.17.0.RELEASE\p2\org.eclipse.equinox.p2.engine\profileRegistry\DefaultProfile.profile\.data\.settings\org.eclipse.equinox.p2.metadata.repository.prefs.bak -> D:\sts-4.17.0.RELEASE\p2\org.eclipse.equinox.p2.engine\profileRegistry\DefaultProfile.profile\.data\.settings\org.eclipse.equinox.p2.metadata.repository.prefs
	at java.base/sun.nio.fs.WindowsException.translateToIOException(WindowsException.java:85)
	at java.base/sun.nio.fs.WindowsException.rethrowAsIOException(WindowsException.java:103)
	at java.base/sun.nio.fs.WindowsFileCopy.move(WindowsFileCopy.java:403)
	at java.base/sun.nio.fs.WindowsFileSystemProvider.move(WindowsFileSystemProvider.java:293)
	at java.base/java.nio.file.Files.move(Files.java:1432)
	at org.eclipse.core.internal.preferences.EclipsePreferences.write(EclipsePreferences.java:292)
	... 4 more
