!SESSION 2023-01-25 22:36:32.538 -----------------------------------------------
eclipse.buildId=4.17.0.202212060857
java.version=17.0.5
java.vendor=Eclipse Adoptium
BootLoader constants: OS=win32, ARCH=x86_64, WS=win32, NL=en_US
Framework arguments:  -product org.springframework.boot.ide.branding.sts4
Command-line arguments:  -os win32 -ws win32 -arch x86_64 -product org.springframework.boot.ide.branding.sts4

!ENTRY ch.qos.logback.classic 1 0 2023-01-25 22:38:38.019
!MESSAGE Activated before the state location was initialized. Retry after the state location is initialized.

!ENTRY org.eclipse.equinox.preferences 4 4 2023-01-25 22:38:40.734
!MESSAGE Exception saving preferences to: D:/sts-4.17.0.RELEASE/p2/org.eclipse.equinox.p2.engine/profileRegistry/DefaultProfile.profile/.data/.settings/org.eclipse.equinox.p2.artifact.repository.prefs.
!STACK 0
java.nio.file.FileAlreadyExistsException: D:\sts-4.17.0.RELEASE\p2\org.eclipse.equinox.p2.engine\profileRegistry\DefaultProfile.profile\.data\.settings\org.eclipse.equinox.p2.artifact.repository.prefs.bak -> D:\sts-4.17.0.RELEASE\p2\org.eclipse.equinox.p2.engine\profileRegistry\DefaultProfile.profile\.data\.settings\org.eclipse.equinox.p2.artifact.repository.prefs
	at java.base/sun.nio.fs.WindowsException.translateToIOException(WindowsException.java:87)
	at java.base/sun.nio.fs.WindowsException.rethrowAsIOException(WindowsException.java:103)
	at java.base/sun.nio.fs.WindowsFileCopy.move(WindowsFileCopy.java:403)
	at java.base/sun.nio.fs.WindowsFileSystemProvider.move(WindowsFileSystemProvider.java:293)
	at java.base/java.nio.file.Files.move(Files.java:1432)
	at org.eclipse.core.internal.preferences.EclipsePreferences.write(EclipsePreferences.java:292)
	at org.eclipse.core.internal.preferences.EclipsePreferences.save(EclipsePreferences.java:1066)
	at org.eclipse.equinox.internal.p2.engine.ProfilePreferences.doSave(ProfilePreferences.java:141)
	at org.eclipse.equinox.internal.p2.engine.ProfilePreferences$SaveJob.run(ProfilePreferences.java:54)
	at org.eclipse.core.internal.jobs.Worker.run(Worker.java:63)

!ENTRY org.eclipse.equinox.p2.engine 2 0 2023-01-25 22:38:40.798
!MESSAGE Exception saving profile preferences
!STACK 0
org.osgi.service.prefs.BackingStoreException: Exception saving preferences to: D:/sts-4.17.0.RELEASE/p2/org.eclipse.equinox.p2.engine/profileRegistry/DefaultProfile.profile/.data/.settings/org.eclipse.equinox.p2.artifact.repository.prefs.
	at org.eclipse.core.internal.preferences.EclipsePreferences.write(EclipsePreferences.java:300)
	at org.eclipse.core.internal.preferences.EclipsePreferences.save(EclipsePreferences.java:1066)
	at org.eclipse.equinox.internal.p2.engine.ProfilePreferences.doSave(ProfilePreferences.java:141)
	at org.eclipse.equinox.internal.p2.engine.ProfilePreferences$SaveJob.run(ProfilePreferences.java:54)
	at org.eclipse.core.internal.jobs.Worker.run(Worker.java:63)
Caused by: java.nio.file.FileAlreadyExistsException: D:\sts-4.17.0.RELEASE\p2\org.eclipse.equinox.p2.engine\profileRegistry\DefaultProfile.profile\.data\.settings\org.eclipse.equinox.p2.artifact.repository.prefs.bak -> D:\sts-4.17.0.RELEASE\p2\org.eclipse.equinox.p2.engine\profileRegistry\DefaultProfile.profile\.data\.settings\org.eclipse.equinox.p2.artifact.repository.prefs
	at java.base/sun.nio.fs.WindowsException.translateToIOException(WindowsException.java:87)
	at java.base/sun.nio.fs.WindowsException.rethrowAsIOException(WindowsException.java:103)
	at java.base/sun.nio.fs.WindowsFileCopy.move(WindowsFileCopy.java:403)
	at java.base/sun.nio.fs.WindowsFileSystemProvider.move(WindowsFileSystemProvider.java:293)
	at java.base/java.nio.file.Files.move(Files.java:1432)
	at org.eclipse.core.internal.preferences.EclipsePreferences.write(EclipsePreferences.java:292)
	... 4 more

!ENTRY org.eclipse.equinox.preferences 4 4 2023-01-25 22:38:43.895
!MESSAGE Exception saving preferences to: D:/sts-4.17.0.RELEASE/p2/org.eclipse.equinox.p2.engine/profileRegistry/DefaultProfile.profile/.data/.settings/org.eclipse.equinox.p2.artifact.repository.prefs.
!STACK 0
java.nio.file.NoSuchFileException: D:\sts-4.17.0.RELEASE\p2\org.eclipse.equinox.p2.engine\profileRegistry\DefaultProfile.profile\.data\.settings\org.eclipse.equinox.p2.artifact.repository.prefs.bak
	at java.base/sun.nio.fs.WindowsException.translateToIOException(WindowsException.java:85)
	at java.base/sun.nio.fs.WindowsException.rethrowAsIOException(WindowsException.java:103)
	at java.base/sun.nio.fs.WindowsException.rethrowAsIOException(WindowsException.java:108)
	at java.base/sun.nio.fs.WindowsFileCopy.move(WindowsFileCopy.java:334)
	at java.base/sun.nio.fs.WindowsFileSystemProvider.move(WindowsFileSystemProvider.java:293)
	at java.base/java.nio.file.Files.move(Files.java:1432)
	at org.eclipse.core.internal.preferences.EclipsePreferences.write(EclipsePreferences.java:292)
	at org.eclipse.core.internal.preferences.EclipsePreferences.save(EclipsePreferences.java:1066)
	at org.eclipse.equinox.internal.p2.engine.ProfilePreferences.doSave(ProfilePreferences.java:141)
	at org.eclipse.equinox.internal.p2.engine.ProfilePreferences$SaveJob.run(ProfilePreferences.java:54)
	at org.eclipse.core.internal.jobs.Worker.run(Worker.java:63)

!ENTRY org.eclipse.equinox.p2.engine 2 0 2023-01-25 22:38:44.396
!MESSAGE Exception saving profile preferences
!STACK 0
org.osgi.service.prefs.BackingStoreException: Exception saving preferences to: D:/sts-4.17.0.RELEASE/p2/org.eclipse.equinox.p2.engine/profileRegistry/DefaultProfile.profile/.data/.settings/org.eclipse.equinox.p2.artifact.repository.prefs.
	at org.eclipse.core.internal.preferences.EclipsePreferences.write(EclipsePreferences.java:300)
	at org.eclipse.core.internal.preferences.EclipsePreferences.save(EclipsePreferences.java:1066)
	at org.eclipse.equinox.internal.p2.engine.ProfilePreferences.doSave(ProfilePreferences.java:141)
	at org.eclipse.equinox.internal.p2.engine.ProfilePreferences$SaveJob.run(ProfilePreferences.java:54)
	at org.eclipse.core.internal.jobs.Worker.run(Worker.java:63)
Caused by: java.nio.file.NoSuchFileException: D:\sts-4.17.0.RELEASE\p2\org.eclipse.equinox.p2.engine\profileRegistry\DefaultProfile.profile\.data\.settings\org.eclipse.equinox.p2.artifact.repository.prefs.bak
	at java.base/sun.nio.fs.WindowsException.translateToIOException(WindowsException.java:85)
	at java.base/sun.nio.fs.WindowsException.rethrowAsIOException(WindowsException.java:103)
	at java.base/sun.nio.fs.WindowsException.rethrowAsIOException(WindowsException.java:108)
	at java.base/sun.nio.fs.WindowsFileCopy.move(WindowsFileCopy.java:334)
	at java.base/sun.nio.fs.WindowsFileSystemProvider.move(WindowsFileSystemProvider.java:293)
	at java.base/java.nio.file.Files.move(Files.java:1432)
	at org.eclipse.core.internal.preferences.EclipsePreferences.write(EclipsePreferences.java:292)
	... 4 more

!ENTRY org.eclipse.equinox.p2.reconciler.dropins 4 0 2023-01-25 22:38:55.877
!MESSAGE FrameworkEvent ERROR
!STACK 0
org.osgi.framework.BundleException: Exception in org.eclipse.equinox.internal.p2.reconciler.dropins.Activator.start() of bundle org.eclipse.equinox.p2.reconciler.dropins.
	at org.eclipse.osgi.internal.framework.BundleContextImpl.startActivator(BundleContextImpl.java:839)
	at org.eclipse.osgi.internal.framework.BundleContextImpl.start(BundleContextImpl.java:767)
	at org.eclipse.osgi.internal.framework.EquinoxBundle.startWorker0(EquinoxBundle.java:1032)
	at org.eclipse.osgi.internal.framework.EquinoxBundle$EquinoxModule.startWorker(EquinoxBundle.java:371)
	at org.eclipse.osgi.container.Module.doStart(Module.java:605)
	at org.eclipse.osgi.container.Module.start(Module.java:468)
	at org.eclipse.osgi.container.ModuleContainer$ContainerStartLevel$2.run(ModuleContainer.java:1852)
	at org.eclipse.osgi.internal.framework.EquinoxContainerAdaptor$1$1.execute(EquinoxContainerAdaptor.java:136)
	at org.eclipse.osgi.container.ModuleContainer$ContainerStartLevel.incStartLevel(ModuleContainer.java:1845)
	at org.eclipse.osgi.container.ModuleContainer$ContainerStartLevel.incStartLevel(ModuleContainer.java:1788)
	at org.eclipse.osgi.container.ModuleContainer$ContainerStartLevel.doContainerStartLevel(ModuleContainer.java:1750)
	at org.eclipse.osgi.container.ModuleContainer$ContainerStartLevel.dispatchEvent(ModuleContainer.java:1672)
	at org.eclipse.osgi.container.ModuleContainer$ContainerStartLevel.dispatchEvent(ModuleContainer.java:1)
	at org.eclipse.osgi.framework.eventmgr.EventManager.dispatchEvent(EventManager.java:234)
	at org.eclipse.osgi.framework.eventmgr.EventManager$EventThread.run(EventManager.java:345)
Caused by: java.lang.IllegalStateException: Repository: file:/D:/sts-4.17.0.RELEASE/.eclipseextension already exists.
	at org.eclipse.equinox.internal.p2.extensionlocation.ExtensionLocationArtifactRepository.reload(ExtensionLocationArtifactRepository.java:82)
	at org.eclipse.equinox.internal.p2.extensionlocation.SiteListener.synchronizeRepositories(SiteListener.java:88)
	at org.eclipse.equinox.internal.p2.extensionlocation.ExtensionLocationArtifactRepository.ensureInitialized(ExtensionLocationArtifactRepository.java:69)
	at org.eclipse.equinox.internal.p2.extensionlocation.ExtensionLocationArtifactRepository.getProperties(ExtensionLocationArtifactRepository.java:283)
	at org.eclipse.equinox.internal.p2.repository.helpers.AbstractRepositoryManager.addRepository(AbstractRepositoryManager.java:132)
	at org.eclipse.equinox.internal.p2.repository.helpers.AbstractRepositoryManager.loadRepository(AbstractRepositoryManager.java:691)
	at org.eclipse.equinox.internal.p2.artifact.repository.ArtifactRepositoryManager.loadRepository(ArtifactRepositoryManager.java:131)
	at org.eclipse.equinox.internal.p2.artifact.repository.ArtifactRepositoryManager.loadRepository(ArtifactRepositoryManager.java:125)
	at org.eclipse.equinox.internal.p2.reconciler.dropins.Activator.loadArtifactRepository(Activator.java:147)
	at org.eclipse.equinox.internal.p2.reconciler.dropins.PlatformXmlListener.synchronizeConfiguration(PlatformXmlListener.java:241)
	at org.eclipse.equinox.internal.p2.reconciler.dropins.PlatformXmlListener.stopPoll(PlatformXmlListener.java:122)
	at org.eclipse.equinox.internal.provisional.p2.directorywatcher.DirectoryWatcher.stopPoll(DirectoryWatcher.java:173)
	at org.eclipse.equinox.internal.provisional.p2.directorywatcher.DirectoryWatcher.poll(DirectoryWatcher.java:113)
	at org.eclipse.equinox.internal.p2.reconciler.dropins.Activator.watchConfiguration(Activator.java:494)
	at org.eclipse.equinox.internal.p2.reconciler.dropins.Activator.start(Activator.java:177)
	at org.eclipse.osgi.internal.framework.BundleContextImpl$2.run(BundleContextImpl.java:818)
	at org.eclipse.osgi.internal.framework.BundleContextImpl$2.run(BundleContextImpl.java:1)
	at java.base/java.security.AccessController.doPrivileged(AccessController.java:569)
	at org.eclipse.osgi.internal.framework.BundleContextImpl.startActivator(BundleContextImpl.java:810)
	... 14 more
Caused by: org.eclipse.equinox.p2.core.ProvisionException: Repository: file:/D:/sts-4.17.0.RELEASE/.eclipseextension already exists.
	at org.eclipse.equinox.internal.p2.extensionlocation.ExtensionLocationArtifactRepositoryFactory.create(ExtensionLocationArtifactRepositoryFactory.java:52)
	at org.eclipse.equinox.internal.p2.extensionlocation.ExtensionLocationArtifactRepositoryFactory.load(ExtensionLocationArtifactRepositoryFactory.java:80)
	at org.eclipse.equinox.internal.p2.extensionlocation.ExtensionLocationArtifactRepository.reload(ExtensionLocationArtifactRepository.java:76)
	... 32 more
Root exception:
java.lang.IllegalStateException: Repository: file:/D:/sts-4.17.0.RELEASE/.eclipseextension already exists.
	at org.eclipse.equinox.internal.p2.extensionlocation.ExtensionLocationArtifactRepository.reload(ExtensionLocationArtifactRepository.java:82)
	at org.eclipse.equinox.internal.p2.extensionlocation.SiteListener.synchronizeRepositories(SiteListener.java:88)
	at org.eclipse.equinox.internal.p2.extensionlocation.ExtensionLocationArtifactRepository.ensureInitialized(ExtensionLocationArtifactRepository.java:69)
	at org.eclipse.equinox.internal.p2.extensionlocation.ExtensionLocationArtifactRepository.getProperties(ExtensionLocationArtifactRepository.java:283)
	at org.eclipse.equinox.internal.p2.repository.helpers.AbstractRepositoryManager.addRepository(AbstractRepositoryManager.java:132)
	at org.eclipse.equinox.internal.p2.repository.helpers.AbstractRepositoryManager.loadRepository(AbstractRepositoryManager.java:691)
	at org.eclipse.equinox.internal.p2.artifact.repository.ArtifactRepositoryManager.loadRepository(ArtifactRepositoryManager.java:131)
	at org.eclipse.equinox.internal.p2.artifact.repository.ArtifactRepositoryManager.loadRepository(ArtifactRepositoryManager.java:125)
	at org.eclipse.equinox.internal.p2.reconciler.dropins.Activator.loadArtifactRepository(Activator.java:147)
	at org.eclipse.equinox.internal.p2.reconciler.dropins.PlatformXmlListener.synchronizeConfiguration(PlatformXmlListener.java:241)
	at org.eclipse.equinox.internal.p2.reconciler.dropins.PlatformXmlListener.stopPoll(PlatformXmlListener.java:122)
	at org.eclipse.equinox.internal.provisional.p2.directorywatcher.DirectoryWatcher.stopPoll(DirectoryWatcher.java:173)
	at org.eclipse.equinox.internal.provisional.p2.directorywatcher.DirectoryWatcher.poll(DirectoryWatcher.java:113)
	at org.eclipse.equinox.internal.p2.reconciler.dropins.Activator.watchConfiguration(Activator.java:494)
	at org.eclipse.equinox.internal.p2.reconciler.dropins.Activator.start(Activator.java:177)
	at org.eclipse.osgi.internal.framework.BundleContextImpl$2.run(BundleContextImpl.java:818)
	at org.eclipse.osgi.internal.framework.BundleContextImpl$2.run(BundleContextImpl.java:1)
	at java.base/java.security.AccessController.doPrivileged(AccessController.java:569)
	at org.eclipse.osgi.internal.framework.BundleContextImpl.startActivator(BundleContextImpl.java:810)
	at org.eclipse.osgi.internal.framework.BundleContextImpl.start(BundleContextImpl.java:767)
	at org.eclipse.osgi.internal.framework.EquinoxBundle.startWorker0(EquinoxBundle.java:1032)
	at org.eclipse.osgi.internal.framework.EquinoxBundle$EquinoxModule.startWorker(EquinoxBundle.java:371)
	at org.eclipse.osgi.container.Module.doStart(Module.java:605)
	at org.eclipse.osgi.container.Module.start(Module.java:468)
	at org.eclipse.osgi.container.ModuleContainer$ContainerStartLevel$2.run(ModuleContainer.java:1852)
	at org.eclipse.osgi.internal.framework.EquinoxContainerAdaptor$1$1.execute(EquinoxContainerAdaptor.java:136)
	at org.eclipse.osgi.container.ModuleContainer$ContainerStartLevel.incStartLevel(ModuleContainer.java:1845)
	at org.eclipse.osgi.container.ModuleContainer$ContainerStartLevel.incStartLevel(ModuleContainer.java:1788)
	at org.eclipse.osgi.container.ModuleContainer$ContainerStartLevel.doContainerStartLevel(ModuleContainer.java:1750)
	at org.eclipse.osgi.container.ModuleContainer$ContainerStartLevel.dispatchEvent(ModuleContainer.java:1672)
	at org.eclipse.osgi.container.ModuleContainer$ContainerStartLevel.dispatchEvent(ModuleContainer.java:1)
	at org.eclipse.osgi.framework.eventmgr.EventManager.dispatchEvent(EventManager.java:234)
	at org.eclipse.osgi.framework.eventmgr.EventManager$EventThread.run(EventManager.java:345)
Caused by: org.eclipse.equinox.p2.core.ProvisionException: Repository: file:/D:/sts-4.17.0.RELEASE/.eclipseextension already exists.
	at org.eclipse.equinox.internal.p2.extensionlocation.ExtensionLocationArtifactRepositoryFactory.create(ExtensionLocationArtifactRepositoryFactory.java:52)
	at org.eclipse.equinox.internal.p2.extensionlocation.ExtensionLocationArtifactRepositoryFactory.load(ExtensionLocationArtifactRepositoryFactory.java:80)
	at org.eclipse.equinox.internal.p2.extensionlocation.ExtensionLocationArtifactRepository.reload(ExtensionLocationArtifactRepository.java:76)
	... 32 more
